<?xml version="1.0" encoding="UTF-8"?>
<robot generator="Robot 7.1 (Python 3.12.6 on win32)" generated="2024-10-02T17:38:43.083146" rpa="false" schemaversion="5">
<suite id="s1" name="Test" source="C:\Users\Nadine\OneDrive - Provinzial\Dokumente\Hochschule\Programmierprojekt\programmierprojekt\programmierprojekt\Test.robot">
<test id="s1-t1" name="Öffne Browser" line="11">
<kw name="Öffne OR-Webseite">
<kw name="New Browser" owner="Browser">
<msg time="2024-10-02T17:38:43.992980" level="INFO">{"browser": "chromium", "headless": false, "chromiumSandbox": false, "devtools": false, "handleSIGHUP": true, "handleSIGINT": true, "handleSIGTERM": true, "slowMo": 0.0, "timeout": 30000.0, "tracesDir": "C:\\Users\\Nadine\\OneDrive - Provinzial\\Dokumente\\Hochschule\\Programmierprojekt\\programmierprojekt\\programmierprojekt\\browser\\traces\\99b8d1e6-04fb-4e23-9fc5-42094a32280e"}</msg>
<msg time="2024-10-02T17:38:44.278116" level="INFO">Successfully created browser with options: {"browser":"chromium","headless":false,"chromiumSandbox":false,"devtools":false,"handleSIGHUP":true,"handleSIGINT":true,"handleSIGTERM":true,"slowMo":0,"timeout":30000,"tracesDir":"C:\\Users\\Nadine\\OneDrive - Provinzial\\Dokumente\\Hochschule\\Programmierprojekt\\programmierprojekt\\programmierprojekt\\browser\\traces\\99b8d1e6-04fb-4e23-9fc5-42094a32280e"}</msg>
<arg>${BROWSER}</arg>
<arg>${False}</arg>
<tag>BrowserControl</tag>
<tag>Setter</tag>
<doc>Create a new playwright Browser with specified options.</doc>
<status status="PASS" start="2024-10-02T17:38:43.991976" elapsed="0.286140"/>
</kw>
<kw name="New Page" owner="Browser">
<msg time="2024-10-02T17:38:44.869915" level="INFO">Successfully initialized new page object and opened url: http://localhost:4200/</msg>
<msg time="2024-10-02T17:38:44.869915" level="INFO">No context was open. New context was automatically opened when this page is created.</msg>
<arg>${url}</arg>
<tag>BrowserControl</tag>
<tag>Setter</tag>
<doc>Open a new Page.</doc>
<status status="PASS" start="2024-10-02T17:38:44.278116" elapsed="0.591799"/>
</kw>
<doc>Öffnet die OR-Webseite</doc>
<status status="PASS" start="2024-10-02T17:38:43.990919" elapsed="0.879992"/>
</kw>
<kw name="Testproblem lösen">
<kw name="Fill Text" owner="Browser">
<msg time="2024-10-02T17:38:44.871908" level="INFO">Fills the text 'var x1&gt;=0;
var x2&gt;=0;
maximize Objective: x1+x2;
s.t. Constraint1:
x1 + 2*x2 &lt;= 15;
s.t. Constraint2:
3*x1 + x2 &lt;= 20;' in the given field.</msg>
<arg>id=problemInput</arg>
<arg>${Testdatei1}</arg>
<tag>PageContent</tag>
<tag>Setter</tag>
<doc>Clears and fills the given ``txt`` into the text field found by ``selector``.</doc>
<status status="PASS" start="2024-10-02T17:38:44.870911" elapsed="0.061233"/>
</kw>
<kw name="Click" owner="Browser">
<msg time="2024-10-02T17:38:44.933179" level="INFO">Clicks the element 'id=problemSolve'.</msg>
<arg>id=problemSolve</arg>
<tag>PageContent</tag>
<tag>Setter</tag>
<doc>Simulates mouse click on the element found by ``selector``.</doc>
<status status="PASS" start="2024-10-02T17:38:44.932144" elapsed="0.404053"/>
</kw>
<doc>Löst die Testdatei</doc>
<status status="PASS" start="2024-10-02T17:38:44.870911" elapsed="0.466659"/>
</kw>
<kw name="Lösung anzeigen Prüfen">
<kw name="Wait For Elements State" owner="Browser">
<msg time="2024-10-02T17:38:45.487576" level="INFO">Waited for Element with selector id=loesungstabelle at state visible</msg>
<arg>id=loesungstabelle</arg>
<tag>PageContent</tag>
<tag>Wait</tag>
<doc>Waits for the element found by ``selector`` to satisfy state option.</doc>
<status status="PASS" start="2024-10-02T17:38:45.337570" elapsed="0.150006"/>
</kw>
<kw name="Wait For Elements State" owner="Browser">
<msg time="2024-10-02T17:38:45.501406" level="INFO">Waited for Element with selector id=myChart at state visible</msg>
<arg>id=myChart</arg>
<tag>PageContent</tag>
<tag>Wait</tag>
<doc>Waits for the element found by ``selector`` to satisfy state option.</doc>
<status status="PASS" start="2024-10-02T17:38:45.487576" elapsed="0.013830"/>
</kw>
<kw name="Get Text" owner="Browser">
<msg time="2024-10-02T17:38:45.536674" level="INFO">Text: '5'</msg>
<msg time="2024-10-02T17:38:45.536674" level="INFO">${primal_value0} = 5</msg>
<var>${primal_value0}</var>
<arg>xpath=//td[@id='tabelle_primal_0']</arg>
<tag>Assertion</tag>
<tag>Getter</tag>
<tag>PageContent</tag>
<doc>Returns text attribute of the element found by ``selector``.</doc>
<status status="PASS" start="2024-10-02T17:38:45.502406" elapsed="0.034268"/>
</kw>
<kw name="Get Text" owner="Browser">
<msg time="2024-10-02T17:38:45.562059" level="INFO">Text: '5'</msg>
<msg time="2024-10-02T17:38:45.562059" level="INFO">${primal_value1} = 5</msg>
<var>${primal_value1}</var>
<arg>xpath=//td[@id='tabelle_primal_1']</arg>
<tag>Assertion</tag>
<tag>Getter</tag>
<tag>PageContent</tag>
<doc>Returns text attribute of the element found by ``selector``.</doc>
<status status="PASS" start="2024-10-02T17:38:45.536674" elapsed="0.025385"/>
</kw>
<kw name="Should Be Equal As Numbers" owner="BuiltIn">
<arg>${primal_value0}</arg>
<arg>5</arg>
<doc>Fails if objects are unequal after converting them to real numbers.</doc>
<status status="PASS" start="2024-10-02T17:38:45.562059" elapsed="0.000000"/>
</kw>
<kw name="Should Be Equal As Numbers" owner="BuiltIn">
<arg>${primal_value1}</arg>
<arg>5</arg>
<doc>Fails if objects are unequal after converting them to real numbers.</doc>
<status status="PASS" start="2024-10-02T17:38:45.562059" elapsed="0.000000"/>
</kw>
<status status="PASS" start="2024-10-02T17:38:45.337570" elapsed="0.224489"/>
</kw>
<kw name="Sleep" owner="BuiltIn">
<msg time="2024-10-02T17:38:48.562567" level="INFO">Slept 3 seconds.</msg>
<arg>3s</arg>
<doc>Pauses the test executed for the given time.</doc>
<status status="PASS" start="2024-10-02T17:38:45.562059" elapsed="3.000508"/>
</kw>
<doc>Erster Testfall</doc>
<status status="PASS" start="2024-10-02T17:38:43.986226" elapsed="4.576341"/>
</test>
<status status="PASS" start="2024-10-02T17:38:43.085148" elapsed="5.576863"/>
</suite>
<statistics>
<total>
<stat pass="1" fail="0" skip="0">All Tests</stat>
</total>
<tag>
</tag>
<suite>
<stat pass="1" fail="0" skip="0" id="s1" name="Test">Test</stat>
</suite>
</statistics>
<errors>
</errors>
</robot>
