<?xml version="1.0" encoding="UTF-8"?>
<robot generator="Robot 7.1 (Python 3.12.6 on win32)" generated="2024-09-17T21:16:48.404744" rpa="false" schemaversion="5">
<suite id="s1" name="Test" source="C:\Users\Nadine\OneDrive - Provinzial\Dokumente\Hochschule\Programmierprojekt\Programmierprojekt\programmierprojekt\Test.robot">
<test id="s1-t1" name="Öffne Browser" line="10">
<kw name="Öffne OR-Webseite">
<kw name="New Browser" owner="Browser">
<msg time="2024-09-17T21:16:49.444284" level="INFO">{"browser": "chromium", "headless": true, "chromiumSandbox": false, "devtools": false, "handleSIGHUP": true, "handleSIGINT": true, "handleSIGTERM": true, "slowMo": 0.0, "timeout": 30000.0, "tracesDir": "C:\\Users\\Nadine\\OneDrive - Provinzial\\Dokumente\\Hochschule\\Programmierprojekt\\Programmierprojekt\\programmierprojekt\\browser\\traces\\ffafed9c-6fc4-4cc3-89f8-422e750130ce"}</msg>
<msg time="2024-09-17T21:16:50.371130" level="INFO">Successfully created browser with options: {"browser":"chromium","headless":true,"chromiumSandbox":false,"devtools":false,"handleSIGHUP":true,"handleSIGINT":true,"handleSIGTERM":true,"slowMo":0,"timeout":30000,"tracesDir":"C:\\Users\\Nadine\\OneDrive - Provinzial\\Dokumente\\Hochschule\\Programmierprojekt\\Programmierprojekt\\programmierprojekt\\browser\\traces\\ffafed9c-6fc4-4cc3-89f8-422e750130ce"}</msg>
<arg>${BROWSER}</arg>
<tag>BrowserControl</tag>
<tag>Setter</tag>
<doc>Create a new playwright Browser with specified options.</doc>
<status status="PASS" start="2024-09-17T21:16:49.442983" elapsed="0.928147"/>
</kw>
<kw name="New Page" owner="Browser">
<msg time="2024-09-17T21:16:52.347684" level="INFO">Successfully initialized new page object and opened url: https://google.com</msg>
<msg time="2024-09-17T21:16:52.347684" level="INFO">No context was open. New context was automatically opened when this page is created.</msg>
<arg>${url}</arg>
<tag>BrowserControl</tag>
<tag>Setter</tag>
<doc>Open a new Page.</doc>
<status status="PASS" start="2024-09-17T21:16:50.371130" elapsed="1.976554"/>
</kw>
<kw name="Sleep" owner="BuiltIn">
<msg time="2024-09-17T21:16:55.348230" level="INFO">Slept 3 seconds.</msg>
<arg>3s</arg>
<doc>Pauses the test executed for the given time.</doc>
<status status="PASS" start="2024-09-17T21:16:52.347684" elapsed="3.000546"/>
</kw>
<kw name="Close Browser" owner="Browser">
<msg time="2024-09-17T21:16:55.503679" level="INFO">Closed browser</msg>
<tag>BrowserControl</tag>
<tag>Setter</tag>
<doc>Closes the current browser.</doc>
<status status="PASS" start="2024-09-17T21:16:55.349349" elapsed="0.154330"/>
</kw>
<doc>Öffnet die OR-Webseite</doc>
<status status="PASS" start="2024-09-17T21:16:49.442478" elapsed="6.061201"/>
</kw>
<doc>Erster Testfall</doc>
<status status="PASS" start="2024-09-17T21:16:49.438506" elapsed="6.065173"/>
</test>
<status status="PASS" start="2024-09-17T21:16:48.410135" elapsed="7.181717"/>
</suite>
<statistics>
<total>
<stat pass="1" fail="0" skip="0">All Tests</stat>
</total>
<tag>
</tag>
<suite>
<stat pass="1" fail="0" skip="0" id="s1" name="Test">Test</stat>
</suite>
</statistics>
<errors>
</errors>
</robot>
