<?xml version="1.0" encoding="UTF-8"?>
<robot generator="Robot 7.1 (Python 3.12.6 on win32)" generated="2024-10-02T17:23:51.135203" rpa="false" schemaversion="5">
<suite id="s1" name="Test" source="C:\Users\Nadine\OneDrive - Provinzial\Dokumente\Hochschule\Programmierprojekt\programmierprojekt\programmierprojekt\Test.robot">
<test id="s1-t1" name="Öffne Browser" line="11">
<kw name="Öffne OR-Webseite">
<kw name="New Browser" owner="Browser">
<msg time="2024-10-02T17:23:51.985001" level="INFO">{"browser": "chromium", "headless": false, "chromiumSandbox": false, "devtools": false, "handleSIGHUP": true, "handleSIGINT": true, "handleSIGTERM": true, "slowMo": 0.0, "timeout": 30000.0, "tracesDir": "C:\\Users\\Nadine\\OneDrive - Provinzial\\Dokumente\\Hochschule\\Programmierprojekt\\programmierprojekt\\programmierprojekt\\browser\\traces\\9177cd96-5767-40ac-92ee-1fb272fc7866"}</msg>
<msg time="2024-10-02T17:23:52.235436" level="INFO">Successfully created browser with options: {"browser":"chromium","headless":false,"chromiumSandbox":false,"devtools":false,"handleSIGHUP":true,"handleSIGINT":true,"handleSIGTERM":true,"slowMo":0,"timeout":30000,"tracesDir":"C:\\Users\\Nadine\\OneDrive - Provinzial\\Dokumente\\Hochschule\\Programmierprojekt\\programmierprojekt\\programmierprojekt\\browser\\traces\\9177cd96-5767-40ac-92ee-1fb272fc7866"}</msg>
<arg>${BROWSER}</arg>
<arg>${False}</arg>
<tag>BrowserControl</tag>
<tag>Setter</tag>
<doc>Create a new playwright Browser with specified options.</doc>
<status status="PASS" start="2024-10-02T17:23:51.983866" elapsed="0.251570"/>
</kw>
<kw name="New Page" owner="Browser">
<msg time="2024-10-02T17:23:53.119493" level="INFO">Successfully initialized new page object and opened url: http://localhost:4200/</msg>
<msg time="2024-10-02T17:23:53.119493" level="INFO">No context was open. New context was automatically opened when this page is created.</msg>
<arg>${url}</arg>
<tag>BrowserControl</tag>
<tag>Setter</tag>
<doc>Open a new Page.</doc>
<status status="PASS" start="2024-10-02T17:23:52.235436" elapsed="0.885124"/>
</kw>
<doc>Öffnet die OR-Webseite</doc>
<status status="PASS" start="2024-10-02T17:23:51.982729" elapsed="1.137831"/>
</kw>
<kw name="Testproblem lösen">
<kw name="Fill Text" owner="Browser">
<msg time="2024-10-02T17:23:53.121629" level="INFO">Fills the text 'var x1&gt;=0;
var x2&gt;=0;
maximize Objective: x1+x2;
s.t. Constraint1:
x1 + 2*x2 &lt;= 15;
s.t. Constraint2:
3*x1 + x2 &lt;= 20;' in the given field.</msg>
<arg>id=problemInput</arg>
<arg>${Testdatei1}</arg>
<tag>PageContent</tag>
<tag>Setter</tag>
<doc>Clears and fills the given ``txt`` into the text field found by ``selector``.</doc>
<status status="PASS" start="2024-10-02T17:23:53.121629" elapsed="0.064810"/>
</kw>
<kw name="Click" owner="Browser">
<msg time="2024-10-02T17:23:53.186439" level="INFO">Clicks the element 'id=problemSolve'.</msg>
<arg>id=problemSolve</arg>
<tag>PageContent</tag>
<tag>Setter</tag>
<doc>Simulates mouse click on the element found by ``selector``.</doc>
<status status="PASS" start="2024-10-02T17:23:53.186439" elapsed="0.410354"/>
</kw>
<doc>Löst die Testdatei</doc>
<status status="PASS" start="2024-10-02T17:23:53.120560" elapsed="0.476233"/>
</kw>
<kw name="Lösung anzeigen Prüfen">
<kw name="Element Should Exist" owner="XML">
<msg time="2024-10-02T17:23:53.597826" level="FAIL">FileNotFoundError: [Errno 2] No such file or directory: 'id=l�sungstabelle'</msg>
<arg>id=l�sungstabelle</arg>
<doc>Verifies that one or more element match the given ``xpath``.</doc>
<status status="FAIL" start="2024-10-02T17:23:53.597826" elapsed="0.000962">FileNotFoundError: [Errno 2] No such file or directory: 'id=l�sungstabelle'</status>
</kw>
<kw name="Element Should Exist" owner="XML">
<arg>id=myChart</arg>
<doc>Verifies that one or more element match the given ``xpath``.</doc>
<status status="NOT RUN" start="2024-10-02T17:23:53.598788" elapsed="0.000000"/>
</kw>
<status status="FAIL" start="2024-10-02T17:23:53.597826" elapsed="0.002431">FileNotFoundError: [Errno 2] No such file or directory: 'id=l�sungstabelle'</status>
</kw>
<kw name="Sleep" owner="BuiltIn">
<arg>5s</arg>
<doc>Pauses the test executed for the given time.</doc>
<status status="NOT RUN" start="2024-10-02T17:23:53.601257" elapsed="0.000000"/>
</kw>
<doc>Erster Testfall</doc>
<status status="FAIL" start="2024-10-02T17:23:51.976473" elapsed="1.625782">FileNotFoundError: [Errno 2] No such file or directory: 'id=l�sungstabelle'</status>
</test>
<status status="FAIL" start="2024-10-02T17:23:51.136203" elapsed="2.695519"/>
</suite>
<statistics>
<total>
<stat pass="0" fail="1" skip="0">All Tests</stat>
</total>
<tag>
</tag>
<suite>
<stat pass="0" fail="1" skip="0" id="s1" name="Test">Test</stat>
</suite>
</statistics>
<errors>
</errors>
</robot>
