<?xml version="1.0" encoding="UTF-8"?>
<robot generator="Robot 7.1 (Python 3.12.6 on win32)" generated="2024-10-01T18:56:30.906514" rpa="false" schemaversion="5">
<suite id="s1" name="Test" source="C:\Users\Nadine\OneDrive - Provinzial\Dokumente\Hochschule\Programmierprojekt\programmierprojekt\programmierprojekt\Test.robot">
<test id="s1-t1" name="Öffne Browser" line="10">
<kw name="Öffne OR-Webseite">
<kw name="New Browser" owner="Browser">
<msg time="2024-10-01T18:56:31.694592" level="INFO">{"browser": "chromium", "headless": false, "chromiumSandbox": false, "devtools": false, "handleSIGHUP": true, "handleSIGINT": true, "handleSIGTERM": true, "slowMo": 0.0, "timeout": 30000.0, "tracesDir": "C:\\Users\\Nadine\\OneDrive - Provinzial\\Dokumente\\Hochschule\\Programmierprojekt\\programmierprojekt\\programmierprojekt\\browser\\traces\\cb88ac01-b28c-40fe-9292-27ff58ff87b9"}</msg>
<msg time="2024-10-01T18:56:31.954040" level="INFO">Successfully created browser with options: {"browser":"chromium","headless":false,"chromiumSandbox":false,"devtools":false,"handleSIGHUP":true,"handleSIGINT":true,"handleSIGTERM":true,"slowMo":0,"timeout":30000,"tracesDir":"C:\\Users\\Nadine\\OneDrive - Provinzial\\Dokumente\\Hochschule\\Programmierprojekt\\programmierprojekt\\programmierprojekt\\browser\\traces\\cb88ac01-b28c-40fe-9292-27ff58ff87b9"}</msg>
<arg>${BROWSER}</arg>
<arg>${False}</arg>
<tag>BrowserControl</tag>
<tag>Setter</tag>
<doc>Create a new playwright Browser with specified options.</doc>
<status status="PASS" start="2024-10-01T18:56:31.694592" elapsed="0.259448"/>
</kw>
<kw name="New Page" owner="Browser">
<msg time="2024-10-01T18:56:33.194525" level="INFO">Successfully initialized new page object and opened url: https://or-tool.de</msg>
<msg time="2024-10-01T18:56:33.194525" level="INFO">No context was open. New context was automatically opened when this page is created.</msg>
<arg>${url}</arg>
<tag>BrowserControl</tag>
<tag>Setter</tag>
<doc>Open a new Page.</doc>
<status status="PASS" start="2024-10-01T18:56:31.954040" elapsed="1.240485"/>
</kw>
<kw name="Sleep" owner="BuiltIn">
<msg time="2024-10-01T18:56:36.195102" level="INFO">Slept 3 seconds.</msg>
<arg>3s</arg>
<doc>Pauses the test executed for the given time.</doc>
<status status="PASS" start="2024-10-01T18:56:33.194525" elapsed="3.000577"/>
</kw>
<kw name="Close Browser" owner="Browser">
<msg time="2024-10-01T18:56:36.524756" level="INFO">Closed browser</msg>
<tag>BrowserControl</tag>
<tag>Setter</tag>
<doc>Closes the current browser.</doc>
<status status="PASS" start="2024-10-01T18:56:36.195102" elapsed="0.329654"/>
</kw>
<doc>Öffnet die OR-Webseite</doc>
<status status="PASS" start="2024-10-01T18:56:31.694592" elapsed="4.830164"/>
</kw>
<doc>Erster Testfall</doc>
<status status="PASS" start="2024-10-01T18:56:31.691028" elapsed="4.833728"/>
</test>
<status status="PASS" start="2024-10-01T18:56:30.906514" elapsed="5.664454"/>
</suite>
<statistics>
<total>
<stat pass="1" fail="0" skip="0">All Tests</stat>
</total>
<tag>
</tag>
<suite>
<stat pass="1" fail="0" skip="0" id="s1" name="Test">Test</stat>
</suite>
</statistics>
<errors>
</errors>
</robot>
